 * Serving Flask app 'python/app.py'
 * Debug mode: off
WARNING: This is a development server. Do not use it in a production deployment. Use a production WSGI server instead.
 * Running on http://127.0.0.1:5001
Press CTRL+C to quit
127.0.0.1 - - [05/Feb/2025 22:30:37] "GET /getAllBalances HTTP/1.1" 200 -
127.0.0.1 - - [05/Feb/2025 22:30:37] "GET /get_exrates?country=USD HTTP/1.1" 200 -
127.0.0.1 - - [05/Feb/2025 22:30:37] "GET /getAllBalances HTTP/1.1" 200 -
127.0.0.1 - - [05/Feb/2025 22:30:37] "GET /get_exrates?country=USD HTTP/1.1" 200 -
127.0.0.1 - - [05/Feb/2025 22:30:40] "GET /get_exrates?country=ANG HTTP/1.1" 200 -
127.0.0.1 - - [05/Feb/2025 22:30:43] "GET /get_exrates?country=USD HTTP/1.1" 200 -
127.0.0.1 - - [05/Feb/2025 22:30:59] "GET /makeTrade?from=USD&to=GBP&amount=20&fee=0 HTTP/1.1" 405 -
127.0.0.1 - - [05/Feb/2025 22:30:59] "GET /getAllBalances HTTP/1.1" 200 -
127.0.0.1 - - [05/Feb/2025 22:31:00] "GET /makeTrade?from=USD&to=GBP&amount=20&fee=0 HTTP/1.1" 405 -
127.0.0.1 - - [05/Feb/2025 22:31:00] "GET /getAllBalances HTTP/1.1" 200 -
127.0.0.1 - - [05/Feb/2025 22:31:00] "GET /makeTrade?from=USD&to=GBP&amount=20&fee=0 HTTP/1.1" 405 -
127.0.0.1 - - [05/Feb/2025 22:31:00] "GET /getAllBalances HTTP/1.1" 200 -
127.0.0.1 - - [05/Feb/2025 22:31:01] "GET /makeTrade?from=USD&to=GBP&amount=20&fee=0 HTTP/1.1" 405 -
127.0.0.1 - - [05/Feb/2025 22:31:01] "GET /getAllBalances HTTP/1.1" 200 -
127.0.0.1 - - [05/Feb/2025 22:31:04] "GET /getAllBalances HTTP/1.1" 200 -
in try
country code USD
after select
MWK
1743.6913
ZMW
28.139
ILS
3.5711
MVR
15.4558
SLL
22724.0517
ZAR
18.6795
CNY
7.2712
IDR
16326.4659
KZT
520.3288
MUR
46.8976
PKR
279.0431
SLE
22.7241
TWD
32.8835
YER
248.7395
BGN
1.8878
CLP
986.162
FKP
0.8022
HUF
393.3783
KES
129.2066
KYD
0.8333
MAD
10.05
MRU
40.1306
NOK
11.282
PHP
58.0975
RWF
1390.5071
SHP
0.8022
THB
33.7708
TVD
1.6037
VND
25191.3708
XPF
115.148
AOA
921.3488
BDT
121.9289
BSD
1.0
CHF
0.9065
DKK
7.1949
FJD
2.3279
GMD
72.5568
HTG
130.7917
JEP
0.8022
JPY
154.5346
KID
1.6037
KWD
0.3087
LKR
299.1202
LYD
4.9399
MKD
59.842
MOP
8.0214
MZN
63.9723
NIO
36.8082
OMR
0.3845
PGK
4.0232
QAR
3.64
RUB
100.0009
SCR
14.3978
SGD
1.3536
SSP
4322.9451
SZL
18.6809
TND
3.1948
TTD
6.764
UGX
3679.3296
VES
58.7938
XAF
632.9577
XOF
632.9577
AFN
74.8878
ANG
1.79
AWG
1.79
BBD
2.0
BMD
1.0
BRL
5.813
BYN
3.2685
CDF
2857.6053
CUP
24.0
DJF
177.721
EGP
50.3244
EUR
0.965
GEL
2.8383
GIP
0.8022
GYD
209.1507
HRK
7.2703
IQD
1308.1035
ISK
142.0027
JMD
157.8943
JOD
0.709
KGS
87.3843
KHR
4009.331
KMF
474.7183
KRW
1454.1021
LAK
21946.224
LBP
89500.0
LRD
198.8702
LSL
18.6809
MDL
18.7114
MGA
4704.7992
MMK
2099.9982
MNT
3461.8903
MXN
20.481
MYR
4.445
NAD
18.6809
NGN
1496.7453
NPR
139.4216
NZD
1.774
PAB
1.0
PEN
3.7026
PLN
4.073
PYG
7910.4715
RON
4.8173
RSD
112.9769
SAR
3.75
SBD
8.527
SDG
449.191
SEK
10.9989
SOS
571.6726
SRD
35.3184
STN
23.641
SYP
12933.129
TJS
10.9504
TMT
3.5
TOP
2.4004
TRY
35.9745
TZS
2556.18
UAH
41.7707
UYU
43.1047
UZS
13004.8329
VUV
119.0371
WST
2.848
XCD
2.7
XDR
0.7676
USD
1.0
AED
3.6725
ALL
96.143
AMD
396.8004
ARS
1054.25
AUD
1.6032
AZN
1.7002
BAM
1.8873
BHD
0.376
BIF
2932.4001
BND
1.3537
BOB
6.9282
BTN
87.1385
BWP
13.9855
BZD
2.0
CAD
1.4355
COP
4168.8811
CRC
507.1772
CVE
106.3989
CZK
24.3043
DOP
61.9291
DZD
135.641
ERN
15.0
ETB
126.7443
FOK
7.1947
GBP
0.8025
GGP
0.8022
GHS
15.4083
GNF
8615.0351
GTQ
7.7348
HKD
7.7877
HNL
25.4854
IMP
0.8022
INR
87.1437
IRR
41999.4442
ZWL
26.3895
in try
country code USD
after select
MWK
1743.6913
ZMW
28.139
ILS
3.5711
MVR
15.4558
SLL
22724.0517
ZAR
18.6795
CNY
7.2712
IDR
16326.4659
KZT
520.3288
MUR
46.8976
PKR
279.0431
SLE
22.7241
TWD
32.8835
YER
248.7395
BGN
1.8878
CLP
986.162
FKP
0.8022
HUF
393.3783
KES
129.2066
KYD
0.8333
MAD
10.05
MRU
40.1306
NOK
11.282
PHP
58.0975
RWF
1390.5071
SHP
0.8022
THB
33.7708
TVD
1.6037
VND
25191.3708
XPF
115.148
AOA
921.3488
BDT
121.9289
BSD
1.0
CHF
0.9065
DKK
7.1949
FJD
2.3279
GMD
72.5568
HTG
130.7917
JEP
0.8022
JPY
154.5346
KID
1.6037
KWD
0.3087
LKR
299.1202
LYD
4.9399
MKD
59.842
MOP
8.0214
MZN
63.9723
NIO
36.8082
OMR
0.3845
PGK
4.0232
QAR
3.64
RUB
100.0009
SCR
14.3978
SGD
1.3536
SSP
4322.9451
SZL
18.6809
TND
3.1948
TTD
6.764
UGX
3679.3296
VES
58.7938
XAF
632.9577
XOF
632.9577
AFN
74.8878
ANG
1.79
AWG
1.79
BBD
2.0
BMD
1.0
BRL
5.813
BYN
3.2685
CDF
2857.6053
CUP
24.0
DJF
177.721
EGP
50.3244
EUR
0.965
GEL
2.8383
GIP
0.8022
GYD
209.1507
HRK
7.2703
IQD
1308.1035
ISK
142.0027
JMD
157.8943
JOD
0.709
KGS
87.3843
KHR
4009.331
KMF
474.7183
KRW
1454.1021
LAK
21946.224
LBP
89500.0
LRD
198.8702
LSL
18.6809
MDL
18.7114
MGA
4704.7992
MMK
2099.9982
MNT
3461.8903
MXN
20.481
MYR
4.445
NAD
18.6809
NGN
1496.7453
NPR
139.4216
NZD
1.774
PAB
1.0
PEN
3.7026
PLN
4.073
PYG
7910.4715
RON
4.8173
RSD
112.9769
SAR
3.75
SBD
8.527
SDG
449.191
SEK
10.9989
SOS
571.6726
SRD
35.3184
STN
23.641
SYP
12933.129
TJS
10.9504
TMT
3.5
TOP
2.4004
TRY
35.9745
TZS
2556.18
UAH
41.7707
UYU
43.1047
UZS
13004.8329
VUV
119.0371
WST
2.848
XCD
2.7
XDR
0.7676
USD
1.0
AED
3.6725
ALL
96.143
AMD
396.8004
ARS
1054.25
AUD
1.6032
AZN
1.7002
BAM
1.8873
BHD
0.376
BIF
2932.4001
BND
1.3537
BOB
6.9282
BTN
87.1385
BWP
13.9855
BZD
2.0
CAD
1.4355
COP
4168.8811
CRC
507.1772
CVE
106.3989
CZK
24.3043
DOP
61.9291
DZD
135.641
ERN
15.0
ETB
126.7443
FOK
7.1947
GBP
0.8025
GGP
0.8022
GHS
15.4083
GNF
8615.0351
GTQ
7.7348
HKD
7.7877
HNL
25.4854
IMP
0.8022
INR
87.1437
IRR
41999.4442
ZWL
26.3895
in try
country code ANG
after select
ZWL
14.7427
ANG
1.0
AED
2.0517
AFN
41.837
ALL
53.7111
AMD
221.6762
AOA
514.72
ARS
588.9665
AUD
0.8955
AWG
1.0
AZN
0.9499
BAM
1.0543
BBD
1.1173
BDT
68.1162
BGN
1.0543
BHD
0.2101
BIF
1638.2145
BMD
0.5587
BND
0.7563
BOB
3.8705
BRL
3.2475
BSD
0.5587
BTN
48.6807
BWP
7.8132
BYN
1.826
BZD
1.1173
CAD
0.802
CDF
1596.4271
CHF
0.5064
CLP
550.9285
CNY
4.0643
COP
2328.9873
CRC
283.3392
CUP
13.4078
CVE
59.4407
CZK
13.5779
DJF
99.2855
DKK
4.0217
DOP
34.5972
DZD
75.777
EGP
28.1142
ERN
8.3799
ETB
70.809
EUR
0.5391
FJD
1.3005
FKP
0.4481
FOK
4.0194
GBP
0.4483
GEL
1.5856
GGP
0.4481
GHS
8.608
GIP
0.4481
GMD
40.5345
GNF
4812.87
GTQ
4.3211
GYD
116.844
HKD
4.3507
HNL
14.2376
HRK
4.0616
HTG
73.068
HUF
219.7468
IDR
9119.7509
ILS
1.9949
IMP
0.4481
INR
48.6808
IQD
730.7845
IRR
23463.3806
ISK
79.3311
JEP
0.4481
JMD
88.2091
JOD
0.3961
JPY
86.3444
KES
72.1825
KGS
48.8181
KHR
2239.8515
KID
0.8959
KMF
265.2057
KRW
813.0643
KWD
0.1725
KYD
0.4655
KZT
290.4118
LAK
12260.4572
LBP
50000.0
LKR
167.1062
LRD
111.1007
LSL
10.4362
LYD
2.7597
MAD
5.6146
MDL
10.4533
MGA
2628.3798
MKD
33.4312
MMK
1173.1835
MNT
1942.2104
MOP
4.4812
MRU
22.4193
MUR
26.1998
MVR
8.6345
MWK
974.1287
MXN
11.44
MYR
2.4833
MZN
35.7387
NAD
10.4362
NGN
836.1704
NIO
20.5633
NOK
6.3048
NPR
77.8892
NZD
0.9909
OMR
0.2148
PAB
0.5587
PEN
2.0685
PGK
2.2476
PHP
32.4583
PKR
155.8054
PLN
2.2754
PYG
4419.2578
QAR
2.0335
RON
2.6912
RSD
63.1156
RUB
55.8569
RWF
776.8194
SAR
2.095
SBD
4.7637
SCR
8.0435
SDG
250.9627
SEK
6.1441
SGD
0.7563
SHP
0.4481
SLE
12.695
SLL
12695.001
SOS
319.3702
SRD
19.7309
SSP
2415.0288
STN
13.2072
SYP
7225.2156
SZL
10.4362
THB
18.8668
TJS
6.1176
TMT
1.9553
TND
1.7848
TOP
1.341
TRY
20.0971
TTD
3.7788
TVD
0.8959
TWD
18.3709
TZS
1428.033
UAH
23.3356
UGX
2055.4921
USD
0.5587
UYU
24.0809
UZS
7265.2692
VES
32.8457
VND
14071.3786
VUV
66.5012
WST
1.591
XAF
353.6076
XCD
1.5084
XDR
0.4288
XOF
353.6076
XPF
64.3285
YER
138.9606
ZAR
10.4363
ZMW
15.7201
in try
country code USD
after select
MWK
1743.6913
ZMW
28.139
ILS
3.5711
MVR
15.4558
SLL
22724.0517
ZAR
18.6795
CNY
7.2712
IDR
16326.4659
KZT
520.3288
MUR
46.8976
PKR
279.0431
SLE
22.7241
TWD
32.8835
YER
248.7395
BGN
1.8878
CLP
986.162
FKP
0.8022
HUF
393.3783
KES
129.2066
KYD
0.8333
MAD
10.05
MRU
40.1306
NOK
11.282
PHP
58.0975
RWF
1390.5071
SHP
0.8022
THB
33.7708
TVD
1.6037
VND
25191.3708
XPF
115.148
AOA
921.3488
BDT
121.9289
BSD
1.0
CHF
0.9065
DKK
7.1949
FJD
2.3279
GMD
72.5568
HTG
130.7917
JEP
0.8022
JPY
154.5346
KID
1.6037
KWD
0.3087
LKR
299.1202
LYD
4.9399
MKD
59.842
MOP
8.0214
MZN
63.9723
NIO
36.8082
OMR
0.3845
PGK
4.0232
QAR
3.64
RUB
100.0009
SCR
14.3978
SGD
1.3536
SSP
4322.9451
SZL
18.6809
TND
3.1948
TTD
6.764
UGX
3679.3296
VES
58.7938
XAF
632.9577
XOF
632.9577
AFN
74.8878
ANG
1.79
AWG
1.79
BBD
2.0
BMD
1.0
BRL
5.813
BYN
3.2685
CDF
2857.6053
CUP
24.0
DJF
177.721
EGP
50.3244
EUR
0.965
GEL
2.8383
GIP
0.8022
GYD
209.1507
HRK
7.2703
IQD
1308.1035
ISK
142.0027
JMD
157.8943
JOD
0.709
KGS
87.3843
KHR
4009.331
KMF
474.7183
KRW
1454.1021
LAK
21946.224
LBP
89500.0
LRD
198.8702
LSL
18.6809
MDL
18.7114
MGA
4704.7992
MMK
2099.9982
MNT
3461.8903
MXN
20.481
MYR
4.445
NAD
18.6809
NGN
1496.7453
NPR
139.4216
NZD
1.774
PAB
1.0
PEN
3.7026
PLN
4.073
PYG
7910.4715
RON
4.8173
RSD
112.9769
SAR
3.75
SBD
8.527
SDG
449.191
SEK
10.9989
SOS
571.6726
SRD
35.3184
STN
23.641
SYP
12933.129
TJS
10.9504
TMT
3.5
TOP
2.4004
TRY
35.9745
TZS
2556.18
UAH
41.7707
UYU
43.1047
UZS
13004.8329
VUV
119.0371
WST
2.848
XCD
2.7
XDR
0.7676
USD
1.0
AED
3.6725
ALL
96.143
AMD
396.8004
ARS
1054.25
AUD
1.6032
AZN
1.7002
BAM
1.8873
BHD
0.376
BIF
2932.4001
BND
1.3537
BOB
6.9282
BTN
87.1385
BWP
13.9855
BZD
2.0
CAD
1.4355
COP
4168.8811
CRC
507.1772
CVE
106.3989
CZK
24.3043
DOP
61.9291
DZD
135.641
ERN
15.0
ETB
126.7443
FOK
7.1947
GBP
0.8025
GGP
0.8022
GHS
15.4083
GNF
8615.0351
GTQ
7.7348
HKD
7.7877
HNL
25.4854
IMP
0.8022
INR
87.1437
IRR
41999.4442
ZWL
26.3895
in try
country code USD
after select
MWK
1743.6913
ZMW
28.139
ILS
3.5711
MVR
15.4558
SLL
22724.0517
ZAR
18.6795
CNY
7.2712
IDR
16326.4659
KZT
520.3288
MUR
46.8976
PKR
279.0431
SLE
22.7241
TWD
32.8835
YER
248.7395
BGN
1.8878
CLP
986.162
FKP
0.8022
HUF
393.3783
KES
129.2066
KYD
0.8333
MAD
10.05
MRU
40.1306
NOK
11.282
PHP
58.0975
RWF
1390.5071
SHP
0.8022
THB
33.7708
TVD
1.6037
VND
25191.3708
XPF
115.148
AOA
921.3488
BDT
127.0.0.1 - - [05/Feb/2025 22:31:04] "GET /get_exrates?country=USD HTTP/1.1" 200 -
127.0.0.1 - - [05/Feb/2025 22:31:04] "GET /getAllBalances HTTP/1.1" 200 -
127.0.0.1 - - [05/Feb/2025 22:31:04] "GET /get_exrates?country=USD HTTP/1.1" 200 -
